<?xml version="1.0" encoding="UTF-8"?>
<!-- Generated by org.testng.reporters.JUnitReportReporter -->
<testsuite hostname="LAPTOP-2PKD5ORT" failures="0" tests="1" name="tests.RegistrationPage" time="7.464" errors="0" timestamp="2024-10-04T13:05:20 IST" skipped="0">
  <testcase classname="tests.RegistrationPage" name="VerifyRegistrationPage" time="7.464"/>
  <system-out/>
</testsuite> <!-- tests.RegistrationPage -->
