<?xml version="1.0" encoding="UTF-8"?>
<!-- Generated by org.testng.reporters.JUnitReportReporter -->
<testsuite hostname="LAPTOP-2PKD5ORT" failures="0" tests="1" name="tests.LoginPage" time="12.350" errors="0" timestamp="2024-10-04T14:24:35 IST" skipped="0">
  <testcase classname="tests.LoginPage" name="VerifyLoginPage" time="12.350"/>
  <system-out/>
</testsuite> <!-- tests.LoginPage -->
