<?xml version="1.0" encoding="UTF-8"?>
<!-- Generated by org.testng.reporters.JUnitReportReporter -->
<testsuite hostname="LAPTOP-2PKD5ORT" failures="0" tests="2" name="tests.SearchProduct" time="7.405" errors="0" timestamp="2024-10-11T14:59:25 IST" skipped="0">
  <testcase classname="tests.SearchProduct" name="VerifyLoginFunctionality" time="6.303"/>
  <system-out/>
  <testcase classname="tests.SearchProduct" name="VerifySearchFunctionality" time="1.102"/>
  <system-out/>
</testsuite> <!-- tests.SearchProduct -->
