<?xml version="1.0" encoding="UTF-8"?>
<!-- Generated by org.testng.reporters.JUnitReportReporter -->
<testsuite hostname="LAPTOP-2PKD5ORT" failures="0" tests="3" name="tests.DDT" time="30.219" errors="0" timestamp="2024-12-10T16:36:07 IST" skipped="0">
  <testcase classname="tests.DDT" name="DDTS" time="10.295"/>
  <system-out/>
  <testcase classname="tests.DDT" name="DDTS" time="6.506"/>
  <system-out/>
  <testcase classname="tests.DDT" name="DDTS" time="13.418"/>
  <system-out/>
</testsuite> <!-- tests.DDT -->
