<?xml version="1.0" encoding="UTF-8"?>
<!-- Generated by org.testng.reporters.JUnitReportReporter -->
<testsuite hostname="LAPTOP-2PKD5ORT" failures="0" tests="2" name="tests.UserAccountPage" time="10.349" errors="0" timestamp="2024-12-11T17:35:11 IST" skipped="0">
  <testcase classname="tests.UserAccountPage" name="VerifyUserSignin" time="9.118"/>
  <system-out/>
  <testcase classname="tests.UserAccountPage" name="VerifyLogoutUser" time="1.231"/>
  <system-out/>
</testsuite> <!-- tests.UserAccountPage -->
